Using pre-set license
Built from '2020.2/release' branch; Version is '2020.2.2f1 (068178b99f32) revision 426360'; Using compiler version '192528614'; Build Type 'Release'
OS: 'Windows 10 Pro; OS build 18363.1316; Version 1909; 64bit' Language: 'en' Physical Memory: 32695 MB
BatchMode: 1, IsHumanControllingUs: 0, StartBugReporterOnCrash: 0, Is64bit: 1, IsPro: 0

 COMMAND LINE ARGUMENTS:
C:\Program Files\Unity\Hub\Editor\2020.2.2f1\Editor\Unity.exe
-adb2
-batchMode
-noUpm
-name
AssetImportWorker0
-projectPath
C:/Users/peyto/OneDrive/Documents/GGJ/GGJ Battleship
-logFile
Logs/AssetImportWorker0.log
-srvPort
53908
Successfully changed project path to: C:/Users/peyto/OneDrive/Documents/GGJ/GGJ Battleship
C:/Users/peyto/OneDrive/Documents/GGJ/GGJ Battleship
Using Asset Import Pipeline V2.
Refreshing native plugins compatible for Editor in 27.49 ms, found 1 plugins.
Preloading 0 native plugins for Editor in 0.00 ms.
Initialize engine version: 2020.2.2f1 (068178b99f32)
[Subsystems] Discovering subsystems at path C:/Program Files/Unity/Hub/Editor/2020.2.2f1/Editor/Data/Resources/UnitySubsystems
[Subsystems] Discovering subsystems at path C:/Users/peyto/OneDrive/Documents/GGJ/GGJ Battleship/Assets
GfxDevice: creating device client; threaded=0
Direct3D:
    Version:  Direct3D 11.0 [level 11.1]
    Renderer: NVIDIA GeForce GTX 1080 (ID=0x1b80)
    Vendor:   
    VRAM:     8079 MB
    Driver:   26.21.14.4614
Initialize mono
Mono path[0] = 'C:/Program Files/Unity/Hub/Editor/2020.2.2f1/Editor/Data/Managed'
Mono path[1] = 'C:/Program Files/Unity/Hub/Editor/2020.2.2f1/Editor/Data/MonoBleedingEdge/lib/mono/unityjit'
Mono config path = 'C:/Program Files/Unity/Hub/Editor/2020.2.2f1/Editor/Data/MonoBleedingEdge/etc'
Using monoOptions --debugger-agent=transport=dt_socket,embedding=1,server=y,suspend=n,address=127.0.0.1:56332
Begin MonoManager ReloadAssembly
Registering precompiled unity dll's ...
Register platform support module: C:/Program Files/Unity/Hub/Editor/2020.2.2f1/Editor/Data/PlaybackEngines/WindowsStandaloneSupport/UnityEditor.WindowsStandalone.Extensions.dll
Registered in 0.002175 seconds.
Native extension for WindowsStandalone target not found
Refreshing native plugins compatible for Editor in 26.29 ms, found 1 plugins.
Preloading 0 native plugins for Editor in 0.00 ms.
Invoked RoslynAnalysisRunner static constructor.
RoslynAnalysisRunner will not be running.
RoslynAnalysisRunner has terminated.
Mono: successfully reloaded assembly
- Completed reload, in  1.163 seconds
Platform modules already initialized, skipping
Registering precompiled user dll's ...
Registered in 0.001808 seconds.
Begin MonoManager ReloadAssembly
Native extension for WindowsStandalone target not found
Refreshing native plugins compatible for Editor in 0.25 ms, found 1 plugins.
Preloading 0 native plugins for Editor in 0.00 ms.
Invoked RoslynAnalysisRunner static constructor.
RoslynAnalysisRunner will not be running.
RoslynAnalysisRunner has terminated.
Mono: successfully reloaded assembly
- Completed reload, in  0.890 seconds
Platform modules already initialized, skipping
========================================================================
Worker process is ready to serve import requests
Launched and connected shader compiler UnityShaderCompiler.exe after 0.05 seconds
Refreshing native plugins compatible for Editor in 0.25 ms, found 1 plugins.
Preloading 0 native plugins for Editor in 0.00 ms.
Unloading 1129 Unused Serialized files (Serialized files now loaded: 0)
System memory in use before: 57.8 MB.
System memory in use after: 57.9 MB.

Unloading 11 unused Assets to reduce memory usage. Loaded Objects now: 1571.
Total: 1.719000 ms (FindLiveObjects: 0.142600 ms CreateObjectMapping: 0.031900 ms MarkObjects: 1.473900 ms  DeleteObjects: 0.069600 ms)

========================================================================
Received Import Request.
  path: Assets/Scripts
  artifactKey: Guid(91ff2016a428ff64cbfce7624f5d4f16) Importer(815301076,1909f56bfc062723c751e8b465ee728b)
Start importing Assets/Scripts using Guid(91ff2016a428ff64cbfce7624f5d4f16) Importer(815301076,1909f56bfc062723c751e8b465ee728b)  -> (artifact id: '060f31b51fdac5e2f4522a7bb3a7435b') in 0.009646 seconds
  Import took 0.016318 seconds .

========================================================================
Received Import Request.
  Time since last request: 0.000206 seconds.
  path: Assets/Scripts/ControllerMap.cs
  artifactKey: Guid(7a70037ef35f713428bb76ebf789283b) Importer(815301076,1909f56bfc062723c751e8b465ee728b)
Start importing Assets/Scripts/ControllerMap.cs using Guid(7a70037ef35f713428bb76ebf789283b) Importer(815301076,1909f56bfc062723c751e8b465ee728b)  -> (artifact id: '0da745608173320e4151ee40a6d1f0a6') in 0.023440 seconds
  Import took 0.026857 seconds .

========================================================================
Received Import Request.
  Time since last request: 0.436343 seconds.
  path: Assets/Scripts/BoatControl.cs
  artifactKey: Guid(33824dab78c13f34e9863333f5e0e58d) Importer(815301076,1909f56bfc062723c751e8b465ee728b)
Start importing Assets/Scripts/BoatControl.cs using Guid(33824dab78c13f34e9863333f5e0e58d) Importer(815301076,1909f56bfc062723c751e8b465ee728b)  -> (artifact id: 'f13fc1e8899e92af3fa9cdba4d0284d3') in 0.007500 seconds
  Import took 0.010893 seconds .

========================================================================
Received Import Request.
  Time since last request: 0.000946 seconds.
  path: Assets/Scripts/BoatControl.cs
  artifactKey: Guid(33824dab78c13f34e9863333f5e0e58d) Importer(815301076,1909f56bfc062723c751e8b465ee728b)
Start importing Assets/Scripts/BoatControl.cs using Guid(33824dab78c13f34e9863333f5e0e58d) Importer(815301076,1909f56bfc062723c751e8b465ee728b)  -> (artifact id: 'f13fc1e8899e92af3fa9cdba4d0284d3') in 0.003183 seconds
  Import took 0.005956 seconds .

AssetImportWorkerClient::OnTransportError - code=2 error=End of file
